{"name": "test_logout", "status": "broken", "statusDetails": {"message": "selenium.common.exceptions.TimeoutException: Message: \nStacktrace:\nNoSuchElementError: An element could not be located on the page using the given search parameters.\n    at AndroidUiautomator2Driver.findElOrEls (/Users/arabinda/.appium/node_modules/appium-uiautomator2-driver/node_modules/appium-android-driver/lib/commands/find.ts:86:11)\n    at processTicksAndRejections (node:internal/process/task_queues:95:5)\n    at AndroidUiautomator2Driver.findElOrElsWithProcessing (/opt/homebrew/lib/node_modules/appium/node_modules/@appium/base-driver/lib/basedriver/commands/find.ts:60:12)\n    at AndroidUiautomator2Driver.findElement (/opt/homebrew/lib/node_modules/appium/node_modules/@appium/base-driver/lib/basedriver/commands/find.ts:75:12)", "trace": "self = <test_login_logout_flows.TestLoginLogoutFlows object at 0x1049f0040>\nsetup_login = <appium.webdriver.webdriver.WebDriver (session=\"66e59f45-287f-42fd-8231-b090aea276c0\")>\n\n    @pytest.mark.test_logout\n    def test_logout(self, setup_login):\n        driver = setup_login\n        assert is_on_home(driver), 'Not on home screen'\n        assert skip_notification(driver), 'Notification bottom sheet visible'\n    \n        wd_utils.get_handle(driver, AppiumBy.XPATH, home.XPATH_MORE_BUTTON).click()\n    \n        wd_utils.get_handle(driver, AppiumBy.XPATH, home.XPATH_SETTINGS_OPTION).click()\n    \n        wd_utils.get_handle(driver, AppiumBy.XPATH, pref.XPATH_LOGOUT_OPTION).click()\n    \n>       logout_text = wd_utils.get_handle(driver, AppiumBy.XPATH, pref.XPATH_LOGOUT_TOAST).text\n\ntest_login_logout_flows.py:98: \n_ _ _ _ _ _ _ _ _ _ _ _ _ _ _ _ _ _ _ _ _ _ _ _ _ _ _ _ _ _ _ _ _ _ _ _ _ _ _ _ _ _ _ _ _ _ _ _ _ _ _ _ _ _ _ _ _ _ _ _ _ _ _ _ _ _ _ _ _ _ _ _ _ _ _ _\nwd_utils.py:11: in get_handle\n    wait.until(EC.visibility_of_element_located((loc_strategy, locator)))\n_ _ _ _ _ _ _ _ _ _ _ _ _ _ _ _ _ _ _ _ _ _ _ _ _ _ _ _ _ _ _ _ _ _ _ _ _ _ _ _ _ _ _ _ _ _ _ _ _ _ _ _ _ _ _ _ _ _ _ _ _ _ _ _ _ _ _ _ _ _ _ _ _ _ _ _\n\nself = <selenium.webdriver.support.wait.WebDriverWait (session=\"66e59f45-287f-42fd-8231-b090aea276c0\")>\nmethod = <function visibility_of_element_located.<locals>._predicate at 0x1049f8790>, message = ''\n\n    def until(self, method: Callable[[D], Union[Literal[False], T]], message: str = \"\") -> T:\n        \"\"\"Calls the method provided with the driver as an argument until the \\\n        return value does not evaluate to ``False``.\n    \n        :param method: callable(WebDriver)\n        :param message: optional message for :exc:`TimeoutException`\n        :returns: the result of the last call to `method`\n        :raises: :exc:`selenium.common.exceptions.TimeoutException` if timeout occurs\n        \"\"\"\n        screen = None\n        stacktrace = None\n    \n        end_time = time.monotonic() + self._timeout\n        while True:\n            try:\n                value = method(self._driver)\n                if value:\n                    return value\n            except self._ignored_exceptions as exc:\n                screen = getattr(exc, \"screen\", None)\n                stacktrace = getattr(exc, \"stacktrace\", None)\n            time.sleep(self._poll)\n            if time.monotonic() > end_time:\n                break\n>       raise TimeoutException(message, screen, stacktrace)\nE       selenium.common.exceptions.TimeoutException: Message: \nE       Stacktrace:\nE       NoSuchElementError: An element could not be located on the page using the given search parameters.\nE           at AndroidUiautomator2Driver.findElOrEls (/Users/arabinda/.appium/node_modules/appium-uiautomator2-driver/node_modules/appium-android-driver/lib/commands/find.ts:86:11)\nE           at processTicksAndRejections (node:internal/process/task_queues:95:5)\nE           at AndroidUiautomator2Driver.findElOrElsWithProcessing (/opt/homebrew/lib/node_modules/appium/node_modules/@appium/base-driver/lib/basedriver/commands/find.ts:60:12)\nE           at AndroidUiautomator2Driver.findElement (/opt/homebrew/lib/node_modules/appium/node_modules/@appium/base-driver/lib/basedriver/commands/find.ts:75:12)\n\n../venv/lib/python3.9/site-packages/selenium/webdriver/support/wait.py:105: TimeoutException"}, "start": 1716092593442, "stop": 1716092630473, "uuid": "45005921-7953-4e3c-9efe-fa65d24a4688", "historyId": "9c7d904eceed1a58aea2c2e7386bdd68", "testCaseId": "9c7d904eceed1a58aea2c2e7386bdd68", "fullName": "test_login_logout_flows.TestLoginLogoutFlows#test_logout", "labels": [{"name": "tag", "value": "test_logout"}, {"name": "suite", "value": "test_login_logout_flows"}, {"name": "subSuite", "value": "TestLoginLogoutFlows"}, {"name": "host", "value": "pro.local"}, {"name": "thread", "value": "27197-MainThread"}, {"name": "framework", "value": "pytest"}, {"name": "language", "value": "cpython3"}, {"name": "package", "value": "test_login_logout_flows"}]}