{"name": "test_login", "status": "broken", "statusDetails": {"message": "selenium.common.exceptions.TimeoutException: Message: \nStacktrace:\nNoSuchElementError: An element could not be located on the page using the given search parameters.\n    at AndroidUiautomator2Driver.findElOrEls (/Users/arabinda/.appium/node_modules/appium-uiautomator2-driver/node_modules/appium-android-driver/lib/commands/find.ts:86:11)\n    at processTicksAndRejections (node:internal/process/task_queues:95:5)\n    at AndroidUiautomator2Driver.findElOrElsWithProcessing (/opt/homebrew/lib/node_modules/appium/node_modules/@appium/base-driver/lib/basedriver/commands/find.ts:60:12)\n    at AndroidUiautomator2Driver.findElement (/opt/homebrew/lib/node_modules/appium/node_modules/@appium/base-driver/lib/basedriver/commands/find.ts:75:12)", "trace": "self = <test_login_logout_flows.TestLoginLogoutFlows object at 0x1045b9b50>, setup_server = None\nsetup_driver = <appium.webdriver.webdriver.WebDriver (session=\"c11ada81-1229-4835-8021-f0dbd6addb06\")>\n\n    def test_login(self, setup_server, setup_driver):\n        driver = setup_driver\n        assert driver.current_package + driver.current_activity == conf.APP_PACKAGE + conf.SPLASH_ACTIVITY, 'Could not find splash screen'\n    \n        assert is_on_home(driver), 'Not on home screen'\n        assert skip_notification(driver), 'Notification bottomsheet visible'\n    \n        time.sleep(2)\n    \n        wait = WebDriverWait(driver, 10)\n>       wait.until(EC.visibility_of_element_located((AppiumBy.XPATH, home.XPATH_MORE_BUTTON)))\n\ntest_login_logout_flows.py:51: \n_ _ _ _ _ _ _ _ _ _ _ _ _ _ _ _ _ _ _ _ _ _ _ _ _ _ _ _ _ _ _ _ _ _ _ _ _ _ _ _ _ _ _ _ _ _ _ _ _ _ _ _ _ _ _ _ _ _ _ _ _ _ _ _ _ _ _ _ _ _ _ _ _ _ _ _\n\nself = <selenium.webdriver.support.wait.WebDriverWait (session=\"c11ada81-1229-4835-8021-f0dbd6addb06\")>\nmethod = <function visibility_of_element_located.<locals>._predicate at 0x10456b9d0>, message = ''\n\n    def until(self, method: Callable[[D], Union[Literal[False], T]], message: str = \"\") -> T:\n        \"\"\"Calls the method provided with the driver as an argument until the \\\n        return value does not evaluate to ``False``.\n    \n        :param method: callable(WebDriver)\n        :param message: optional message for :exc:`TimeoutException`\n        :returns: the result of the last call to `method`\n        :raises: :exc:`selenium.common.exceptions.TimeoutException` if timeout occurs\n        \"\"\"\n        screen = None\n        stacktrace = None\n    \n        end_time = time.monotonic() + self._timeout\n        while True:\n            try:\n                value = method(self._driver)\n                if value:\n                    return value\n            except self._ignored_exceptions as exc:\n                screen = getattr(exc, \"screen\", None)\n                stacktrace = getattr(exc, \"stacktrace\", None)\n            time.sleep(self._poll)\n            if time.monotonic() > end_time:\n                break\n>       raise TimeoutException(message, screen, stacktrace)\nE       selenium.common.exceptions.TimeoutException: Message: \nE       Stacktrace:\nE       NoSuchElementError: An element could not be located on the page using the given search parameters.\nE           at AndroidUiautomator2Driver.findElOrEls (/Users/arabinda/.appium/node_modules/appium-uiautomator2-driver/node_modules/appium-android-driver/lib/commands/find.ts:86:11)\nE           at processTicksAndRejections (node:internal/process/task_queues:95:5)\nE           at AndroidUiautomator2Driver.findElOrElsWithProcessing (/opt/homebrew/lib/node_modules/appium/node_modules/@appium/base-driver/lib/basedriver/commands/find.ts:60:12)\nE           at AndroidUiautomator2Driver.findElement (/opt/homebrew/lib/node_modules/appium/node_modules/@appium/base-driver/lib/basedriver/commands/find.ts:75:12)\n\n../venv/lib/python3.9/site-packages/selenium/webdriver/support/wait.py:105: TimeoutException"}, "start": 1716043257150, "stop": 1716043283404, "uuid": "c5bba6bb-5e63-4680-8746-c23dfe1ad474", "historyId": "6d33369b95d249e595036b7035aabd1d", "testCaseId": "6d33369b95d249e595036b7035aabd1d", "fullName": "test_login_logout_flows.TestLoginLogoutFlows#test_login", "labels": [{"name": "suite", "value": "test_login_logout_flows"}, {"name": "subSuite", "value": "TestLoginLogoutFlows"}, {"name": "host", "value": "pro.local"}, {"name": "thread", "value": "18168-MainThread"}, {"name": "framework", "value": "pytest"}, {"name": "language", "value": "cpython3"}, {"name": "package", "value": "test_login_logout_flows"}]}